c:\users\paunm\documents\github\degree-project\degree_proj\degree_proj\x64\debug\vc143.pdb
c:\users\paunm\documents\github\degree-project\degree_proj\degree_proj\x64\debug\vc143.idb
c:\users\paunm\documents\github\degree-project\degree_proj\degree_proj\x64\debug\glad.obj
c:\users\paunm\documents\github\degree-project\degree_proj\degree_proj\x64\debug\rectangle.obj
c:\users\paunm\documents\github\degree-project\degree_proj\degree_proj\x64\debug\shadersources.obj
c:\users\paunm\documents\github\degree-project\degree_proj\degree_proj\x64\debug\shader.obj
c:\users\paunm\documents\github\degree-project\degree_proj\degree_proj\x64\debug\pausescreen.obj
c:\users\paunm\documents\github\degree-project\degree_proj\degree_proj\x64\debug\main.obj
c:\users\paunm\documents\github\degree-project\degree_proj\degree_proj\x64\debug\circle.obj
c:\users\paunm\documents\github\degree-project\degree_proj\x64\debug\degree_proj.exe
c:\users\paunm\documents\github\degree-project\degree_proj\x64\debug\degree_proj.pdb
c:\users\paunm\documents\github\degree-project\degree_proj\degree_proj\x64\debug\degree_proj.ilk
c:\users\paunm\documents\github\degree-project\degree_proj\degree_proj\x64\debug\degree_proj.tlog\cl.command.1.tlog
c:\users\paunm\documents\github\degree-project\degree_proj\degree_proj\x64\debug\degree_proj.tlog\cl.items.tlog
c:\users\paunm\documents\github\degree-project\degree_proj\degree_proj\x64\debug\degree_proj.tlog\cl.read.1.tlog
c:\users\paunm\documents\github\degree-project\degree_proj\degree_proj\x64\debug\degree_proj.tlog\cl.write.1.tlog
c:\users\paunm\documents\github\degree-project\degree_proj\degree_proj\x64\debug\degree_proj.tlog\link.command.1.tlog
c:\users\paunm\documents\github\degree-project\degree_proj\degree_proj\x64\debug\degree_proj.tlog\link.read.1.tlog
c:\users\paunm\documents\github\degree-project\degree_proj\degree_proj\x64\debug\degree_proj.tlog\link.secondary.1.tlog
c:\users\paunm\documents\github\degree-project\degree_proj\degree_proj\x64\debug\degree_proj.tlog\link.write.1.tlog
